<?xml version="1.0" encoding="UTF-8"?>
<!-- Generated by org.testng.reporters.JUnitReportReporter -->
<testsuite hostname="VivanPC" failures="0" tests="2" name="org.alpha.test.runner.Failed_TestRunner" time="0.026" errors="1" timestamp="2024-04-23T10:55:21 IST" skipped="1">
  <testcase classname="org.alpha.test.runner.Failed_TestRunner" name="runScenario" time="0.015">
    <skipped/>
  </testcase> <!-- runScenario -->
  <system-out/>
  <testcase classname="org.alpha.test.runner.Failed_TestRunner" name="runScenario" time="0.011">
    <error message="Cannot invoke &quot;String.equalsIgnoreCase(String)&quot; because &quot;browser&quot; is null" type="java.lang.NullPointerException">
      <![CDATA[java.lang.NullPointerException: Cannot invoke "String.equalsIgnoreCase(String)" because "browser" is null
at com.alpha.factory.DriverFactory.init_driver(DriverFactory.java:27)
at com.alpha.MyHooks.AlphaHooks.setUp(AlphaHooks.java:37)
]]>
    </error>
  </testcase> <!-- runScenario -->
  <system-out/>
</testsuite> <!-- org.alpha.test.runner.Failed_TestRunner -->
