<?xml version="1.0" encoding="UTF-8"?>
<!-- Generated by org.testng.reporters.JUnitReportReporter -->
<testsuite hostname="VivanPC" failures="0" tests="1" name="org.alpha.test.runner.Failed_TestRunner2" time="5.466" errors="0" timestamp="2024-01-05T18:53:44 IST" skipped="0">
  <testcase classname="org.alpha.test.runner.Failed_TestRunner2" name="runScenario" time="5.466"/>
  <system-out/>
</testsuite> <!-- org.alpha.test.runner.Failed_TestRunner2 -->
