<?xml version="1.0" encoding="UTF-8"?>
<!-- Generated by org.testng.reporters.JUnitReportReporter -->
<testsuite hostname="VivanPC" failures="0" tests="6" name="org.alpha.test.runner.TestRunner2" time="15.003" errors="0" timestamp="2023-12-17T19:41:49 IST" skipped="0">
  <testcase classname="org.alpha.test.runner.TestRunner2" name="runScenario" time="1.836"/>
  <system-out/>
  <testcase classname="org.alpha.test.runner.TestRunner2" name="runScenario" time="2.356"/>
  <system-out/>
  <testcase classname="org.alpha.test.runner.TestRunner2" name="runScenario" time="2.634"/>
  <system-out/>
  <testcase classname="org.alpha.test.runner.TestRunner2" name="runScenario" time="2.449"/>
  <system-out/>
  <testcase classname="org.alpha.test.runner.TestRunner2" name="runScenario" time="2.428"/>
  <system-out/>
  <testcase classname="org.alpha.test.runner.TestRunner2" name="runScenario" time="3.300"/>
  <system-out/>
</testsuite> <!-- org.alpha.test.runner.TestRunner2 -->
