<?xml version="1.0" encoding="UTF-8"?>
<!-- Generated by org.testng.reporters.JUnitReportReporter -->
<testsuite hostname="VivanPC" failures="0" tests="1" name="com.jav.prac.DateCal" time="0.067" errors="0" timestamp="2024-01-12T13:16:26 IST" skipped="0">
  <testcase classname="com.jav.prac.DateCal" name="calenderConcept" time="0.067"/>
  <system-out/>
</testsuite> <!-- com.jav.prac.DateCal -->
