<?xml version="1.0" encoding="UTF-8"?>
<!-- Generated by org.testng.reporters.JUnitReportReporter -->
<testsuite hostname="VivanPC" failures="0" tests="1" name="org.alpha.test.runner.TestRunner" time="7.956" errors="0" timestamp="2024-04-23T11:42:23 IST" skipped="0">
  <testcase classname="org.alpha.test.runner.TestRunner" name="runScenario" time="7.956"/>
  <system-out/>
</testsuite> <!-- org.alpha.test.runner.TestRunner -->
