<?xml version="1.0" encoding="UTF-8"?>
<!-- Generated by org.testng.reporters.JUnitReportReporter -->
<testsuite hostname="VivanPC" failures="0" tests="1" name="com.sel.prac.WindowHandles" time="9.838" errors="0" timestamp="2024-04-18T11:00:27 IST" skipped="0">
  <testcase classname="com.sel.prac.WindowHandles" name="handleWindows" time="9.838"/>
  <system-out/>
</testsuite> <!-- com.sel.prac.WindowHandles -->
