<?xml version="1.0" encoding="UTF-8"?>
<!-- Generated by org.testng.reporters.JUnitReportReporter -->
<testsuite hostname="VivanPC" failures="0" tests="3" name="com.jav.prac.LoopsConcept" time="0.009" errors="0" timestamp="2024-02-05T16:36:09 IST" skipped="0">
  <testcase classname="com.jav.prac.LoopsConcept" name="minNumFromMultiArray" time="0.001"/>
  <system-out/>
  <testcase classname="com.jav.prac.LoopsConcept" name="pyramidTest" time="0.001"/>
  <system-out/>
  <testcase classname="com.jav.prac.LoopsConcept" name="loopsTest" time="0.007"/>
  <system-out/>
</testsuite> <!-- com.jav.prac.LoopsConcept -->
