<?xml version="1.0" encoding="UTF-8"?>
<!-- Generated by org.testng.reporters.JUnitReportReporter -->
<testsuite hostname="VivanPC" failures="0" tests="1" name="com.sel.prac.DatabaseTesting" time="0.752" errors="0" timestamp="2024-03-21T10:49:15 IST" skipped="0">
  <testcase classname="com.sel.prac.DatabaseTesting" name="testDatabase" time="0.752"/>
  <system-out/>
</testsuite> <!-- com.sel.prac.DatabaseTesting -->
